<?xml version="1.0" encoding="UTF-8"?>
<!-- Generated by org.testng.reporters.JUnitReportReporter -->
<testsuite hostname="SusuEsusi" failures="0" tests="5" name="firstPage.BbqLandingPAge" time="5.408" errors="0" timestamp="2022-09-22T05:44:53 EDT" skipped="0">
  <testcase classname="firstPage.BbqLandingPAge" name="hometpage" time="4.190"/>
  <system-out/>
  <testcase classname="firstPage.BbqLandingPAge" name="ClickLocation" time="0.039"/>
  <system-out/>
  <testcase classname="firstPage.BbqLandingPAge" name="ClickNostrand" time="1.129"/>
  <system-out/>
  <testcase classname="firstPage.BbqLandingPAge" name="ScrollDownToTakeOutNostrandAve" time="0.006"/>
  <system-out/>
  <testcase classname="firstPage.BbqLandingPAge" name="ClickTakeOutNostrandAve" time="0.044"/>
  <system-out/>
</testsuite> <!-- firstPage.BbqLandingPAge -->
