<?xml version="1.0" encoding="UTF-8"?>
<!-- Generated by org.testng.reporters.JUnitReportReporter -->
<testsuite hostname="SusuEsusi" failures="0" tests="7" name="bbq.LandingPAge" time="10.123" errors="0" timestamp="2022-09-24T21:33:42 EDT" skipped="0">
  <testcase classname="bbq.LandingPAge" name="hometpage" time="3.890"/>
  <system-out/>
  <testcase classname="bbq.LandingPAge" name="ClickLocation" time="0.042"/>
  <system-out/>
  <testcase classname="bbq.LandingPAge" name="ClickNostrand" time="0.859"/>
  <system-out/>
  <testcase classname="bbq.LandingPAge" name="ScrollDownToTakeOutNostrandAve" time="0.007"/>
  <system-out/>
  <testcase classname="bbq.LandingPAge" name="ClickTakeOutNostrandAve" time="0.042"/>
  <system-out/>
  <testcase classname="bbq.LandingPAge" name="printdeline" time="5.044"/>
  <system-out/>
  <testcase classname="bbq.LandingPAge" name="clickdecline" time="0.239"/>
  <system-out/>
</testsuite> <!-- bbq.LandingPAge -->
