<?xml version="1.0" encoding="UTF-8"?>
<!-- Generated by org.testng.reporters.JUnitReportReporter -->
<testsuite hostname="SusuEsusi" failures="0" tests="7" name="bbq.TakeOutOrder" time="10.096" errors="0" timestamp="2022-09-24T23:39:38 EDT" skipped="0">
  <testcase classname="bbq.TakeOutOrder" name="hometpage" time="3.940"/>
  <system-out/>
  <testcase classname="bbq.TakeOutOrder" name="ClickLocation" time="0.040"/>
  <system-out/>
  <testcase classname="bbq.TakeOutOrder" name="ClickNostrand" time="0.939"/>
  <system-out/>
  <testcase classname="bbq.TakeOutOrder" name="ScrollDownToTakeOutNostrandAve" time="0.008"/>
  <system-out/>
  <testcase classname="bbq.TakeOutOrder" name="ClickTakeOutNostrandAve" time="0.041"/>
  <system-out/>
  <testcase classname="bbq.TakeOutOrder" name="printdeline" time="5.051"/>
  <system-out/>
  <testcase classname="bbq.TakeOutOrder" name="clickdecline" time="0.077"/>
  <system-out/>
</testsuite> <!-- bbq.TakeOutOrder -->
